Performing C SOURCE FILE Test CMAKE_HAVE_LIBC_PTHREAD failed with the following output:
Change Dir: /mnt/netapp2/Store_uni/home/ulc/cursos/curso341/TFM_New2/reisa_tests-main/E1/DEISA/derivative/P4-SN2-LS268-GS1073-I12-AN2-W30-D2024-12-31_14-27-02/CMakeFiles/CMakeTmp

Run Build Command(s):/mnt/netapp1/Optcesga_FT2_RHEL7/2020/gentoo/22072020/usr/bin/gmake -f Makefile cmTC_af856/fast && gmake: Warning: File 'Makefile' has modification time 0.045 s in the future
/mnt/netapp1/Optcesga_FT2_RHEL7/2020/gentoo/22072020/usr/bin/gmake  -f CMakeFiles/cmTC_af856.dir/build.make CMakeFiles/cmTC_af856.dir/build
gmake[1]: Entering directory '/mnt/netapp2/Store_uni/home/ulc/cursos/curso341/TFM_New2/reisa_tests-main/E1/DEISA/derivative/P4-SN2-LS268-GS1073-I12-AN2-W30-D2024-12-31_14-27-02/CMakeFiles/CMakeTmp'
gmake[1]: Warning: File 'CMakeFiles/cmTC_af856.dir/flags.make' has modification time 0.034 s in the future
Building C object CMakeFiles/cmTC_af856.dir/src.c.o
/mnt/netapp1/Optcesga_FT2_RHEL7/2020/gentoo/22072020/usr/bin/gcc -DCMAKE_HAVE_LIBC_PTHREAD   -o CMakeFiles/cmTC_af856.dir/src.c.o -c /mnt/netapp2/Store_uni/home/ulc/cursos/curso341/TFM_New2/reisa_tests-main/E1/DEISA/derivative/P4-SN2-LS268-GS1073-I12-AN2-W30-D2024-12-31_14-27-02/CMakeFiles/CMakeTmp/src.c
Linking C executable cmTC_af856
/mnt/netapp1/Optcesga_FT2_RHEL7/2020/software/Core/python/3.9.9/lib/python3.9/site-packages/cmake-3.22.0-py3.9-linux-x86_64.egg/cmake/data/bin/cmake -E cmake_link_script CMakeFiles/cmTC_af856.dir/link.txt --verbose=1
/mnt/netapp1/Optcesga_FT2_RHEL7/2020/gentoo/22072020/usr/bin/gcc CMakeFiles/cmTC_af856.dir/src.c.o -o cmTC_af856 
/mnt/netapp1/Optcesga_FT2_RHEL7/2020/gentoo/22072020/usr/lib/gcc/x86_64-pc-linux-gnu/10.1.0/../../../../x86_64-pc-linux-gnu/bin/ld: CMakeFiles/cmTC_af856.dir/src.c.o: in function `main':
src.c:(.text+0x3e): undefined reference to `pthread_create'
/mnt/netapp1/Optcesga_FT2_RHEL7/2020/gentoo/22072020/usr/lib/gcc/x86_64-pc-linux-gnu/10.1.0/../../../../x86_64-pc-linux-gnu/bin/ld: src.c:(.text+0x4a): undefined reference to `pthread_detach'
/mnt/netapp1/Optcesga_FT2_RHEL7/2020/gentoo/22072020/usr/lib/gcc/x86_64-pc-linux-gnu/10.1.0/../../../../x86_64-pc-linux-gnu/bin/ld: src.c:(.text+0x56): undefined reference to `pthread_cancel'
/mnt/netapp1/Optcesga_FT2_RHEL7/2020/gentoo/22072020/usr/lib/gcc/x86_64-pc-linux-gnu/10.1.0/../../../../x86_64-pc-linux-gnu/bin/ld: src.c:(.text+0x67): undefined reference to `pthread_join'
collect2: error: ld returned 1 exit status
gmake[1]: *** [CMakeFiles/cmTC_af856.dir/build.make:99: cmTC_af856] Error 1
gmake[1]: Leaving directory '/mnt/netapp2/Store_uni/home/ulc/cursos/curso341/TFM_New2/reisa_tests-main/E1/DEISA/derivative/P4-SN2-LS268-GS1073-I12-AN2-W30-D2024-12-31_14-27-02/CMakeFiles/CMakeTmp'
gmake: *** [Makefile:127: cmTC_af856/fast] Error 2


Source file was:
#include <pthread.h>

static void* test_func(void* data)
{
  return data;
}

int main(void)
{
  pthread_t thread;
  pthread_create(&thread, NULL, test_func, NULL);
  pthread_detach(thread);
  pthread_cancel(thread);
  pthread_join(thread, NULL);
  pthread_atfork(NULL, NULL, NULL);
  pthread_exit(NULL);

  return 0;
}

Determining if the function pthread_create exists in the pthreads failed with the following output:
Change Dir: /mnt/netapp2/Store_uni/home/ulc/cursos/curso341/TFM_New2/reisa_tests-main/E1/DEISA/derivative/P4-SN2-LS268-GS1073-I12-AN2-W30-D2024-12-31_14-27-02/CMakeFiles/CMakeTmp

Run Build Command(s):/mnt/netapp1/Optcesga_FT2_RHEL7/2020/gentoo/22072020/usr/bin/gmake -f Makefile cmTC_2e797/fast && gmake: Warning: File 'Makefile' has modification time 0.046 s in the future
/mnt/netapp1/Optcesga_FT2_RHEL7/2020/gentoo/22072020/usr/bin/gmake  -f CMakeFiles/cmTC_2e797.dir/build.make CMakeFiles/cmTC_2e797.dir/build
gmake[1]: Entering directory '/mnt/netapp2/Store_uni/home/ulc/cursos/curso341/TFM_New2/reisa_tests-main/E1/DEISA/derivative/P4-SN2-LS268-GS1073-I12-AN2-W30-D2024-12-31_14-27-02/CMakeFiles/CMakeTmp'
gmake[1]: Warning: File 'CMakeFiles/cmTC_2e797.dir/flags.make' has modification time 0.035 s in the future
Building C object CMakeFiles/cmTC_2e797.dir/CheckFunctionExists.c.o
/mnt/netapp1/Optcesga_FT2_RHEL7/2020/gentoo/22072020/usr/bin/gcc   -DCHECK_FUNCTION_EXISTS=pthread_create -o CMakeFiles/cmTC_2e797.dir/CheckFunctionExists.c.o -c /mnt/netapp1/Optcesga_FT2_RHEL7/2020/software/Core/python/3.9.9/lib/python3.9/site-packages/cmake-3.22.0-py3.9-linux-x86_64.egg/cmake/data/share/cmake-3.22/Modules/CheckFunctionExists.c
Linking C executable cmTC_2e797
/mnt/netapp1/Optcesga_FT2_RHEL7/2020/software/Core/python/3.9.9/lib/python3.9/site-packages/cmake-3.22.0-py3.9-linux-x86_64.egg/cmake/data/bin/cmake -E cmake_link_script CMakeFiles/cmTC_2e797.dir/link.txt --verbose=1
/mnt/netapp1/Optcesga_FT2_RHEL7/2020/gentoo/22072020/usr/bin/gcc  -DCHECK_FUNCTION_EXISTS=pthread_create CMakeFiles/cmTC_2e797.dir/CheckFunctionExists.c.o -o cmTC_2e797  -lpthreads 
/mnt/netapp1/Optcesga_FT2_RHEL7/2020/gentoo/22072020/usr/lib/gcc/x86_64-pc-linux-gnu/10.1.0/../../../../x86_64-pc-linux-gnu/bin/ld: cannot find -lpthreads
collect2: error: ld returned 1 exit status
gmake[1]: *** [CMakeFiles/cmTC_2e797.dir/build.make:99: cmTC_2e797] Error 1
gmake[1]: Leaving directory '/mnt/netapp2/Store_uni/home/ulc/cursos/curso341/TFM_New2/reisa_tests-main/E1/DEISA/derivative/P4-SN2-LS268-GS1073-I12-AN2-W30-D2024-12-31_14-27-02/CMakeFiles/CMakeTmp'
gmake: *** [Makefile:127: cmTC_2e797/fast] Error 2



