slurmstepd: info: Setting TMPDIR to /scratch/9993859. Previous errors about TMPDIR can be discarded
Slurm job started at 31/12/2024_01:56:11 PM

In transit.
Initing Ray (1 head node + 2 worker nodes + 2 simulation nodes) on nodes: 
	ilk-145 ilk-146 ilk-151 ilk-172 ilk-243
Head node: 172.30.204.1:6379


RAY_DEPLOY_TIME:     22.83362
srun: Job 9993859 step creation temporarily disabled, retrying (Requested nodes are busy)
srun: Job 9993859 step creation temporarily disabled, retrying (Requested nodes are busy)
srun: Job 9993859 step creation still disabled, retrying (Requested nodes are busy)
srun: Job 9993859 step creation still disabled, retrying (Requested nodes are busy)
srun: Job 9993859 step creation still disabled, retrying (Requested nodes are busy)
srun: Job 9993859 step creation still disabled, retrying (Requested nodes are busy)
srun: Job 9993859 step creation still disabled, retrying (Requested nodes are busy)
srun: Job 9993859 step creation still disabled, retrying (Requested nodes are busy)
srun: Job 9993859 step creation still disabled, retrying (Requested nodes are busy)
srun: Job 9993859 step creation still disabled, retrying (Requested nodes are busy)
srun: Job 9993859 step creation still disabled, retrying (Requested nodes are busy)
srun: Job 9993859 step creation still disabled, retrying (Requested nodes are busy)
srun: Job 9993859 step creation still disabled, retrying (Requested nodes are busy)
srun: Job 9993859 step creation still disabled, retrying (Requested nodes are busy)
srun: Job 9993859 step creation still disabled, retrying (Requested nodes are busy)
srun: Job 9993859 step creation still disabled, retrying (Requested nodes are busy)
srun: Job 9993859 step creation still disabled, retrying (Requested nodes are busy)
srun: Job 9993859 step creation still disabled, retrying (Requested nodes are busy)
srun: Job 9993859 step creation still disabled, retrying (Requested nodes are busy)
srun: Job 9993859 step creation still disabled, retrying (Requested nodes are busy)
srun: Job 9993859 step creation still disabled, retrying (Requested nodes are busy)
srun: Job 9993859 step creation still disabled, retrying (Requested nodes are busy)
srun: Job 9993859 step creation still disabled, retrying (Requested nodes are busy)
srun: Job 9993859 step creation still disabled, retrying (Requested nodes are busy)
srun: Job 9993859 step creation still disabled, retrying (Requested nodes are busy)
srun: Job 9993859 step creation still disabled, retrying (Requested nodes are busy)
srun: Job 9993859 step creation still disabled, retrying (Requested nodes are busy)
srun: Job 9993859 step creation still disabled, retrying (Requested nodes are busy)
srun: Job 9993859 step creation still disabled, retrying (Requested nodes are busy)
srun: Job 9993859 step creation still disabled, retrying (Requested nodes are busy)
srun: Job 9993859 step creation still disabled, retrying (Requested nodes are busy)
srun: Job 9993859 step creation still disabled, retrying (Requested nodes are busy)
srun: Job 9993859 step creation still disabled, retrying (Requested nodes are busy)
srun: Job 9993859 step creation still disabled, retrying (Requested nodes are busy)
srun: Job 9993859 step creation still disabled, retrying (Requested nodes are busy)
srun: Job 9993859 step creation still disabled, retrying (Requested nodes are busy)
srun: Job 9993859 step creation still disabled, retrying (Requested nodes are busy)
srun: Job 9993859 step creation still disabled, retrying (Requested nodes are busy)
srun: Job 9993859 step creation still disabled, retrying (Requested nodes are busy)
srun: error: Unable to create step for job 9993859: Job/step already completing or completed
srun: Job 9993859 step creation still disabled, retrying (Requested nodes are busy)
srun: error: Unable to create step for job 9993859: Job/step already completing or completed

Slurm job finished at 31/12/2024_02:16:20 PM
