slurmstepd: info: Setting TMPDIR to /scratch/9993860. Previous errors about TMPDIR can be discarded
Slurm job started at 31/12/2024_02:00:30 PM

In transit.
Initing Ray (1 head node + 2 worker nodes + 2 simulation nodes) on nodes: 
	ilk-148 ilk-163 ilk-165 ilk-185 ilk-220
Head node: 172.30.204.4:6379


RAY_DEPLOY_TIME:     22.72496
srun: Job 9993860 step creation temporarily disabled, retrying (Requested nodes are busy)
srun: Job 9993860 step creation temporarily disabled, retrying (Requested nodes are busy)
srun: Job 9993860 step creation still disabled, retrying (Requested nodes are busy)
srun: Job 9993860 step creation still disabled, retrying (Requested nodes are busy)
srun: Job 9993860 step creation still disabled, retrying (Requested nodes are busy)
srun: Job 9993860 step creation still disabled, retrying (Requested nodes are busy)
srun: Job 9993860 step creation still disabled, retrying (Requested nodes are busy)
srun: Job 9993860 step creation still disabled, retrying (Requested nodes are busy)
srun: Job 9993860 step creation still disabled, retrying (Requested nodes are busy)
srun: Job 9993860 step creation still disabled, retrying (Requested nodes are busy)
srun: Job 9993860 step creation still disabled, retrying (Requested nodes are busy)
srun: Job 9993860 step creation still disabled, retrying (Requested nodes are busy)
srun: Job 9993860 step creation still disabled, retrying (Requested nodes are busy)
srun: Job 9993860 step creation still disabled, retrying (Requested nodes are busy)
srun: Job 9993860 step creation still disabled, retrying (Requested nodes are busy)
srun: Job 9993860 step creation still disabled, retrying (Requested nodes are busy)
srun: Job 9993860 step creation still disabled, retrying (Requested nodes are busy)
srun: Job 9993860 step creation still disabled, retrying (Requested nodes are busy)
srun: Job 9993860 step creation still disabled, retrying (Requested nodes are busy)
srun: Job 9993860 step creation still disabled, retrying (Requested nodes are busy)
srun: Job 9993860 step creation still disabled, retrying (Requested nodes are busy)
srun: Job 9993860 step creation still disabled, retrying (Requested nodes are busy)
srun: Job 9993860 step creation still disabled, retrying (Requested nodes are busy)
srun: Job 9993860 step creation still disabled, retrying (Requested nodes are busy)
srun: Job 9993860 step creation still disabled, retrying (Requested nodes are busy)
srun: Job 9993860 step creation still disabled, retrying (Requested nodes are busy)
srun: Job 9993860 step creation still disabled, retrying (Requested nodes are busy)
srun: Job 9993860 step creation still disabled, retrying (Requested nodes are busy)
srun: Job 9993860 step creation still disabled, retrying (Requested nodes are busy)
srun: Job 9993860 step creation still disabled, retrying (Requested nodes are busy)
srun: Job 9993860 step creation still disabled, retrying (Requested nodes are busy)
srun: Job 9993860 step creation still disabled, retrying (Requested nodes are busy)
srun: Job 9993860 step creation still disabled, retrying (Requested nodes are busy)
srun: Job 9993860 step creation still disabled, retrying (Requested nodes are busy)
srun: Job 9993860 step creation still disabled, retrying (Requested nodes are busy)
srun: Job 9993860 step creation still disabled, retrying (Requested nodes are busy)
srun: Job 9993860 step creation still disabled, retrying (Requested nodes are busy)
srun: Job 9993860 step creation still disabled, retrying (Requested nodes are busy)
srun: Job 9993860 step creation still disabled, retrying (Requested nodes are busy)
srun: Job 9993860 step creation still disabled, retrying (Requested nodes are busy)
srun: Job 9993860 step creation still disabled, retrying (Requested nodes are busy)
slurmstepd: error: *** JOB 9993860 ON ilk-148 CANCELLED AT 2024-12-31T14:20:53 DUE TO TIME LIMIT ***
srun: error: Unable to create step for job 9993860: Job/step already completing or completed
